2024-01-16 21:24:02,880 [Worker-5] INFO  o.e.m.c.i.l.LifecycleMappingFactory - Using org.eclipse.m2e.jdt.JarLifecycleMapping lifecycle mapping for MavenProject: com.ts:demo:0.0.1-SNAPSHOT @ C:\fsd57_module3\SpringBoot\demo\pom.xml.
2024-01-16 21:24:08,375 [Worker-5] INFO  o.e.m.c.i.embedder.EclipseLogger - Using 'UTF-8' encoding to copy filtered resources.
2024-01-16 21:24:08,375 [Worker-5] INFO  o.e.m.c.i.embedder.EclipseLogger - Using 'UTF-8' encoding to copy filtered properties files.
2024-01-16 21:24:08,377 [Worker-5] INFO  o.e.m.c.i.embedder.EclipseLogger - Copying 1 resource
2024-01-16 21:24:08,392 [Worker-5] INFO  o.e.m.c.i.embedder.EclipseLogger - Copying 0 resource
2024-01-16 21:24:08,395 [Worker-5] INFO  o.e.m.c.i.embedder.EclipseLogger - Using 'UTF-8' encoding to copy filtered resources.
2024-01-16 21:24:08,395 [Worker-5] INFO  o.e.m.c.i.embedder.EclipseLogger - Using 'UTF-8' encoding to copy filtered properties files.
2024-01-16 21:24:08,395 [Worker-5] INFO  o.e.m.c.i.embedder.EclipseLogger - skip non existing resourceDirectory C:\fsd57_module3\SpringBoot\demo\src\test\resources
2024-01-16 21:24:09,497 [Worker-15] INFO  o.e.m.c.i.l.LifecycleMappingFactory - Using org.eclipse.m2e.jdt.JarLifecycleMapping lifecycle mapping for MavenProject: com.ts:demo:0.0.1-SNAPSHOT @ C:\fsd57_module3\SpringBoot\demo\pom.xml.
2024-01-16 21:24:10,709 [Worker-6] INFO  o.e.m.c.i.embedder.EclipseLogger - Using 'UTF-8' encoding to copy filtered resources.
2024-01-16 21:24:10,709 [Worker-6] INFO  o.e.m.c.i.embedder.EclipseLogger - Using 'UTF-8' encoding to copy filtered properties files.
2024-01-16 21:24:10,713 [Worker-6] INFO  o.e.m.c.i.embedder.EclipseLogger - Copying 1 resource
2024-01-16 21:24:10,723 [Worker-6] INFO  o.e.m.c.i.embedder.EclipseLogger - Copying 0 resource
2024-01-16 21:24:10,725 [Worker-6] INFO  o.e.m.c.i.embedder.EclipseLogger - Using 'UTF-8' encoding to copy filtered resources.
2024-01-16 21:24:10,725 [Worker-6] INFO  o.e.m.c.i.embedder.EclipseLogger - Using 'UTF-8' encoding to copy filtered properties files.
2024-01-16 21:24:10,725 [Worker-6] INFO  o.e.m.c.i.embedder.EclipseLogger - skip non existing resourceDirectory C:\fsd57_module3\SpringBoot\demo\src\test\resources
2024-01-16 21:27:29,944 [Worker-18] INFO  o.e.m.c.i.embedder.EclipseLogger - Using 'UTF-8' encoding to copy filtered resources.
2024-01-16 21:27:29,944 [Worker-18] INFO  o.e.m.c.i.embedder.EclipseLogger - Using 'UTF-8' encoding to copy filtered properties files.
2024-01-16 21:27:29,945 [Worker-18] INFO  o.e.m.c.i.embedder.EclipseLogger - Copying 1 resource
2024-01-16 21:27:29,952 [Worker-18] INFO  o.e.m.c.i.embedder.EclipseLogger - Copying 0 resource
2024-01-16 21:27:29,953 [Worker-18] INFO  o.e.m.c.i.embedder.EclipseLogger - Using 'UTF-8' encoding to copy filtered resources.
2024-01-16 21:27:29,953 [Worker-18] INFO  o.e.m.c.i.embedder.EclipseLogger - Using 'UTF-8' encoding to copy filtered properties files.
2024-01-16 21:27:29,953 [Worker-18] INFO  o.e.m.c.i.embedder.EclipseLogger - skip non existing resourceDirectory C:\fsd57_module3\SpringBoot\demo\src\test\resources
