2024-01-19 09:34:26,993 [Worker-14] INFO  o.e.m.c.i.p.ProjectConfigurationManager - Update started
2024-01-19 09:34:29,953 [Worker-14] INFO  o.e.m.c.i.l.LifecycleMappingFactory - Using org.eclipse.m2e.jdt.JarLifecycleMapping lifecycle mapping for MavenProject: com.ts:EmpDept:0.0.1-SNAPSHOT @ C:\fsd57_module3\SpringBoot\EmpDept\pom.xml.
2024-01-19 09:34:32,828 [Worker-14] INFO  o.e.m.j.i.AbstractJavaProjectConfigurator - Adding source folder /EmpDept/src/main/java
2024-01-19 09:34:32,828 [Worker-14] INFO  o.e.m.j.i.AbstractJavaProjectConfigurator - Adding resource folder /EmpDept/src/main/resources
2024-01-19 09:34:32,837 [Worker-14] INFO  o.e.m.j.i.AbstractJavaProjectConfigurator - Adding resource folder /EmpDept/src/main/resources
2024-01-19 09:34:32,858 [Worker-14] INFO  o.e.m.j.i.AbstractJavaProjectConfigurator - Adding source folder /EmpDept/src/test/java
2024-01-19 09:34:33,536 [Worker-8] INFO  o.a.m.s.f.DefaultMavenResourcesFiltering - Copying 1 resource from src\main\resources to target\classes
2024-01-19 09:34:33,555 [Worker-8] INFO  o.a.m.s.f.DefaultMavenResourcesFiltering - Copying 0 resource from src\main\resources to target\classes
2024-01-19 09:34:33,559 [Worker-8] INFO  o.a.m.s.f.DefaultMavenResourcesFiltering - skip non existing resourceDirectory C:\fsd57_module3\SpringBoot\EmpDept\src\test\resources
2024-01-19 09:34:35,261 [Worker-14] INFO  o.e.m.c.i.p.ProjectConfigurationManager - Update completed: 8 sec
2024-01-19 09:34:35,599 [Worker-15] INFO  o.a.m.s.f.DefaultMavenResourcesFiltering - Copying 1 resource from src\main\resources to target\classes
2024-01-19 09:34:35,602 [Worker-15] INFO  o.a.m.s.f.DefaultMavenResourcesFiltering - Copying 0 resource from src\main\resources to target\classes
2024-01-19 09:34:35,603 [Worker-15] INFO  o.a.m.s.f.DefaultMavenResourcesFiltering - skip non existing resourceDirectory C:\fsd57_module3\SpringBoot\EmpDept\src\test\resources
2024-01-19 09:35:55,537 [Worker-15] INFO  o.e.m.c.i.p.ProjectConfigurationManager - Update started
2024-01-19 09:35:56,174 [Worker-15] INFO  o.e.m.c.i.l.LifecycleMappingFactory - Using org.eclipse.m2e.jdt.JarLifecycleMapping lifecycle mapping for MavenProject: com.ts:EmpDept:0.0.1-SNAPSHOT @ C:\fsd57_module3\SpringBoot\EmpDept\pom.xml.
2024-01-19 09:35:56,814 [Worker-15] INFO  o.e.m.j.i.AbstractJavaProjectConfigurator - Adding source folder /EmpDept/src/main/java
2024-01-19 09:35:56,815 [Worker-15] INFO  o.e.m.j.i.AbstractJavaProjectConfigurator - Adding resource folder /EmpDept/src/main/resources
2024-01-19 09:35:56,815 [Worker-15] INFO  o.e.m.j.i.AbstractJavaProjectConfigurator - Adding resource folder /EmpDept/src/main/resources
2024-01-19 09:35:56,815 [Worker-15] INFO  o.e.m.j.i.AbstractJavaProjectConfigurator - Adding source folder /EmpDept/src/test/java
2024-01-19 09:35:57,004 [Worker-15] INFO  o.e.m.c.i.p.ProjectConfigurationManager - Update completed: 1 sec
2024-01-19 09:35:57,505 [Worker-6] INFO  o.a.m.s.f.DefaultMavenResourcesFiltering - Copying 1 resource from src\main\resources to target\classes
2024-01-19 09:35:57,517 [Worker-6] INFO  o.a.m.s.f.DefaultMavenResourcesFiltering - Copying 0 resource from src\main\resources to target\classes
2024-01-19 09:35:57,521 [Worker-6] INFO  o.a.m.s.f.DefaultMavenResourcesFiltering - skip non existing resourceDirectory C:\fsd57_module3\SpringBoot\EmpDept\src\test\resources
2024-01-19 09:54:43,474 [Worker-13] INFO  o.e.m.c.i.l.LifecycleMappingFactory - Using org.eclipse.m2e.jdt.JarLifecycleMapping lifecycle mapping for MavenProject: com.ts:EmpDept:0.0.1-SNAPSHOT @ C:\fsd57_module3\SpringBoot\EmpDept\pom.xml.
2024-01-19 09:54:44,547 [Worker-13] INFO  o.e.m.c.i.embedder.EclipseLogger - Using 'UTF-8' encoding to copy filtered resources.
2024-01-19 09:54:44,548 [Worker-13] INFO  o.e.m.c.i.embedder.EclipseLogger - Using 'UTF-8' encoding to copy filtered properties files.
2024-01-19 09:54:44,551 [Worker-13] INFO  o.e.m.c.i.embedder.EclipseLogger - Copying 0 resource
2024-01-19 09:54:44,551 [Worker-13] INFO  o.e.m.c.i.embedder.EclipseLogger - Copying 0 resource
2024-01-19 09:54:44,554 [Worker-13] INFO  o.e.m.c.i.embedder.EclipseLogger - Using 'UTF-8' encoding to copy filtered resources.
2024-01-19 09:54:44,554 [Worker-13] INFO  o.e.m.c.i.embedder.EclipseLogger - Using 'UTF-8' encoding to copy filtered properties files.
2024-01-19 09:54:44,554 [Worker-13] INFO  o.e.m.c.i.embedder.EclipseLogger - skip non existing resourceDirectory C:\fsd57_module3\SpringBoot\EmpDept\src\test\resources
2024-01-19 09:54:47,007 [Worker-23] INFO  o.e.m.c.i.embedder.EclipseLogger - Using 'UTF-8' encoding to copy filtered resources.
2024-01-19 09:54:47,008 [Worker-23] INFO  o.e.m.c.i.embedder.EclipseLogger - Using 'UTF-8' encoding to copy filtered properties files.
2024-01-19 09:54:47,008 [Worker-23] INFO  o.e.m.c.i.embedder.EclipseLogger - Copying 1 resource
2024-01-19 09:54:47,017 [Worker-23] INFO  o.e.m.c.i.embedder.EclipseLogger - Copying 0 resource
2024-01-19 09:54:47,019 [Worker-23] INFO  o.e.m.c.i.embedder.EclipseLogger - Using 'UTF-8' encoding to copy filtered resources.
2024-01-19 09:54:47,019 [Worker-23] INFO  o.e.m.c.i.embedder.EclipseLogger - Using 'UTF-8' encoding to copy filtered properties files.
2024-01-19 09:54:47,019 [Worker-23] INFO  o.e.m.c.i.embedder.EclipseLogger - skip non existing resourceDirectory C:\fsd57_module3\SpringBoot\EmpDept\src\test\resources
2024-01-19 21:28:11,746 [Worker-4] INFO  o.e.m.c.i.embedder.EclipseLogger - Using 'UTF-8' encoding to copy filtered resources.
2024-01-19 21:28:11,749 [Worker-4] INFO  o.e.m.c.i.embedder.EclipseLogger - Using 'UTF-8' encoding to copy filtered properties files.
2024-01-19 21:28:11,752 [Worker-4] INFO  o.e.m.c.i.embedder.EclipseLogger - Copying 1 resource
2024-01-19 21:28:11,766 [Worker-4] INFO  o.e.m.c.i.embedder.EclipseLogger - Copying 0 resource
2024-01-19 21:28:11,768 [Worker-4] INFO  o.e.m.c.i.embedder.EclipseLogger - Using 'UTF-8' encoding to copy filtered resources.
2024-01-19 21:28:11,768 [Worker-4] INFO  o.e.m.c.i.embedder.EclipseLogger - Using 'UTF-8' encoding to copy filtered properties files.
2024-01-19 21:28:11,768 [Worker-4] INFO  o.e.m.c.i.embedder.EclipseLogger - skip non existing resourceDirectory C:\fsd57_module3\SpringBoot\EmpDept\src\test\resources
2024-01-21 11:32:43,904 [Worker-18] INFO  o.e.m.c.i.embedder.EclipseLogger - Using 'UTF-8' encoding to copy filtered resources.
2024-01-21 11:32:43,907 [Worker-18] INFO  o.e.m.c.i.embedder.EclipseLogger - Using 'UTF-8' encoding to copy filtered properties files.
2024-01-21 11:32:43,911 [Worker-18] INFO  o.e.m.c.i.embedder.EclipseLogger - Copying 1 resource
2024-01-21 11:32:43,957 [Worker-18] INFO  o.e.m.c.i.embedder.EclipseLogger - Copying 0 resource
2024-01-21 11:32:43,962 [Worker-18] INFO  o.e.m.c.i.embedder.EclipseLogger - Using 'UTF-8' encoding to copy filtered resources.
2024-01-21 11:32:43,962 [Worker-18] INFO  o.e.m.c.i.embedder.EclipseLogger - Using 'UTF-8' encoding to copy filtered properties files.
2024-01-21 11:32:43,962 [Worker-18] INFO  o.e.m.c.i.embedder.EclipseLogger - skip non existing resourceDirectory C:\fsd57_module3\SpringBoot\EmpDept\src\test\resources
2024-01-21 11:41:35,543 [Worker-13] INFO  o.e.m.c.i.embedder.EclipseLogger - Using 'UTF-8' encoding to copy filtered resources.
2024-01-21 11:41:35,546 [Worker-13] INFO  o.e.m.c.i.embedder.EclipseLogger - Using 'UTF-8' encoding to copy filtered properties files.
2024-01-21 11:41:35,549 [Worker-13] INFO  o.e.m.c.i.embedder.EclipseLogger - Copying 1 resource
2024-01-21 11:41:35,587 [Worker-13] INFO  o.e.m.c.i.embedder.EclipseLogger - Copying 0 resource
2024-01-21 11:41:35,593 [Worker-13] INFO  o.e.m.c.i.embedder.EclipseLogger - Using 'UTF-8' encoding to copy filtered resources.
2024-01-21 11:41:35,594 [Worker-13] INFO  o.e.m.c.i.embedder.EclipseLogger - Using 'UTF-8' encoding to copy filtered properties files.
2024-01-21 11:41:35,594 [Worker-13] INFO  o.e.m.c.i.embedder.EclipseLogger - skip non existing resourceDirectory C:\fsd57_module3\SpringBoot\EmpDept\src\test\resources
2024-01-21 11:42:47,166 [Worker-8] INFO  o.e.m.c.i.embedder.EclipseLogger - Using 'UTF-8' encoding to copy filtered resources.
2024-01-21 11:42:47,166 [Worker-8] INFO  o.e.m.c.i.embedder.EclipseLogger - Using 'UTF-8' encoding to copy filtered properties files.
2024-01-21 11:42:47,170 [Worker-8] INFO  o.e.m.c.i.embedder.EclipseLogger - Copying 1 resource
2024-01-21 11:42:47,191 [Worker-8] INFO  o.e.m.c.i.embedder.EclipseLogger - Copying 0 resource
2024-01-21 11:42:47,193 [Worker-8] INFO  o.e.m.c.i.embedder.EclipseLogger - Using 'UTF-8' encoding to copy filtered resources.
2024-01-21 11:42:47,194 [Worker-8] INFO  o.e.m.c.i.embedder.EclipseLogger - Using 'UTF-8' encoding to copy filtered properties files.
2024-01-21 11:42:47,194 [Worker-8] INFO  o.e.m.c.i.embedder.EclipseLogger - skip non existing resourceDirectory C:\fsd57_module3\SpringBoot\EmpDept\src\test\resources
2024-01-21 11:43:08,204 [Worker-6] INFO  o.e.m.c.i.embedder.EclipseLogger - Using 'UTF-8' encoding to copy filtered resources.
2024-01-21 11:43:08,204 [Worker-6] INFO  o.e.m.c.i.embedder.EclipseLogger - Using 'UTF-8' encoding to copy filtered properties files.
2024-01-21 11:43:08,206 [Worker-6] INFO  o.e.m.c.i.embedder.EclipseLogger - Copying 1 resource
2024-01-21 11:43:08,219 [Worker-6] INFO  o.e.m.c.i.embedder.EclipseLogger - Copying 0 resource
2024-01-21 11:43:08,221 [Worker-6] INFO  o.e.m.c.i.embedder.EclipseLogger - Using 'UTF-8' encoding to copy filtered resources.
2024-01-21 11:43:08,221 [Worker-6] INFO  o.e.m.c.i.embedder.EclipseLogger - Using 'UTF-8' encoding to copy filtered properties files.
2024-01-21 11:43:08,221 [Worker-6] INFO  o.e.m.c.i.embedder.EclipseLogger - skip non existing resourceDirectory C:\fsd57_module3\SpringBoot\EmpDept\src\test\resources
2024-01-21 11:45:43,073 [Worker-8] INFO  o.e.m.c.i.embedder.EclipseLogger - Using 'UTF-8' encoding to copy filtered resources.
2024-01-21 11:45:43,074 [Worker-8] INFO  o.e.m.c.i.embedder.EclipseLogger - Using 'UTF-8' encoding to copy filtered properties files.
2024-01-21 11:45:43,074 [Worker-8] INFO  o.e.m.c.i.embedder.EclipseLogger - Copying 1 resource
2024-01-21 11:45:43,149 [Worker-8] INFO  o.e.m.c.i.embedder.EclipseLogger - Copying 0 resource
2024-01-21 11:45:43,161 [Worker-8] INFO  o.e.m.c.i.embedder.EclipseLogger - Using 'UTF-8' encoding to copy filtered resources.
2024-01-21 11:45:43,161 [Worker-8] INFO  o.e.m.c.i.embedder.EclipseLogger - Using 'UTF-8' encoding to copy filtered properties files.
2024-01-21 11:45:43,161 [Worker-8] INFO  o.e.m.c.i.embedder.EclipseLogger - skip non existing resourceDirectory C:\fsd57_module3\SpringBoot\EmpDept\src\test\resources
2024-01-21 11:47:18,487 [Worker-8] INFO  o.e.m.c.i.embedder.EclipseLogger - Using 'UTF-8' encoding to copy filtered resources.
2024-01-21 11:47:18,487 [Worker-8] INFO  o.e.m.c.i.embedder.EclipseLogger - Using 'UTF-8' encoding to copy filtered properties files.
2024-01-21 11:47:18,488 [Worker-8] INFO  o.e.m.c.i.embedder.EclipseLogger - Copying 1 resource
2024-01-21 11:47:18,495 [Worker-8] INFO  o.e.m.c.i.embedder.EclipseLogger - Copying 0 resource
2024-01-21 11:47:18,498 [Worker-8] INFO  o.e.m.c.i.embedder.EclipseLogger - Using 'UTF-8' encoding to copy filtered resources.
2024-01-21 11:47:18,498 [Worker-8] INFO  o.e.m.c.i.embedder.EclipseLogger - Using 'UTF-8' encoding to copy filtered properties files.
2024-01-21 11:47:18,498 [Worker-8] INFO  o.e.m.c.i.embedder.EclipseLogger - skip non existing resourceDirectory C:\fsd57_module3\SpringBoot\EmpDept\src\test\resources
2024-01-21 11:47:33,534 [Worker-14] INFO  o.e.m.c.i.embedder.EclipseLogger - Using 'UTF-8' encoding to copy filtered resources.
2024-01-21 11:47:33,534 [Worker-14] INFO  o.e.m.c.i.embedder.EclipseLogger - Using 'UTF-8' encoding to copy filtered properties files.
2024-01-21 11:47:33,535 [Worker-14] INFO  o.e.m.c.i.embedder.EclipseLogger - Copying 1 resource
2024-01-21 11:47:33,554 [Worker-14] INFO  o.e.m.c.i.embedder.EclipseLogger - Copying 0 resource
2024-01-21 11:47:33,557 [Worker-14] INFO  o.e.m.c.i.embedder.EclipseLogger - Using 'UTF-8' encoding to copy filtered resources.
2024-01-21 11:47:33,557 [Worker-14] INFO  o.e.m.c.i.embedder.EclipseLogger - Using 'UTF-8' encoding to copy filtered properties files.
2024-01-21 11:47:33,557 [Worker-14] INFO  o.e.m.c.i.embedder.EclipseLogger - skip non existing resourceDirectory C:\fsd57_module3\SpringBoot\EmpDept\src\test\resources
2024-01-21 11:48:15,339 [Worker-14] INFO  o.e.m.c.i.embedder.EclipseLogger - Using 'UTF-8' encoding to copy filtered resources.
2024-01-21 11:48:15,339 [Worker-14] INFO  o.e.m.c.i.embedder.EclipseLogger - Using 'UTF-8' encoding to copy filtered properties files.
2024-01-21 11:48:15,340 [Worker-14] INFO  o.e.m.c.i.embedder.EclipseLogger - Copying 1 resource
2024-01-21 11:48:15,362 [Worker-14] INFO  o.e.m.c.i.embedder.EclipseLogger - Copying 0 resource
2024-01-21 11:48:15,368 [Worker-14] INFO  o.e.m.c.i.embedder.EclipseLogger - Using 'UTF-8' encoding to copy filtered resources.
2024-01-21 11:48:15,368 [Worker-14] INFO  o.e.m.c.i.embedder.EclipseLogger - Using 'UTF-8' encoding to copy filtered properties files.
2024-01-21 11:48:15,368 [Worker-14] INFO  o.e.m.c.i.embedder.EclipseLogger - skip non existing resourceDirectory C:\fsd57_module3\SpringBoot\EmpDept\src\test\resources
2024-01-21 11:48:27,504 [Worker-8] INFO  o.e.m.c.i.embedder.EclipseLogger - Using 'UTF-8' encoding to copy filtered resources.
2024-01-21 11:48:27,507 [Worker-8] INFO  o.e.m.c.i.embedder.EclipseLogger - Using 'UTF-8' encoding to copy filtered properties files.
2024-01-21 11:48:27,507 [Worker-8] INFO  o.e.m.c.i.embedder.EclipseLogger - Copying 1 resource
2024-01-21 11:48:27,516 [Worker-8] INFO  o.e.m.c.i.embedder.EclipseLogger - Copying 0 resource
2024-01-21 11:48:27,520 [Worker-8] INFO  o.e.m.c.i.embedder.EclipseLogger - Using 'UTF-8' encoding to copy filtered resources.
2024-01-21 11:48:27,520 [Worker-8] INFO  o.e.m.c.i.embedder.EclipseLogger - Using 'UTF-8' encoding to copy filtered properties files.
2024-01-21 11:48:27,521 [Worker-8] INFO  o.e.m.c.i.embedder.EclipseLogger - skip non existing resourceDirectory C:\fsd57_module3\SpringBoot\EmpDept\src\test\resources
2024-01-21 11:49:04,117 [Worker-9] INFO  o.e.m.c.i.embedder.EclipseLogger - Using 'UTF-8' encoding to copy filtered resources.
2024-01-21 11:49:04,117 [Worker-9] INFO  o.e.m.c.i.embedder.EclipseLogger - Using 'UTF-8' encoding to copy filtered properties files.
2024-01-21 11:49:04,118 [Worker-9] INFO  o.e.m.c.i.embedder.EclipseLogger - Copying 1 resource
2024-01-21 11:49:04,142 [Worker-9] INFO  o.e.m.c.i.embedder.EclipseLogger - Copying 0 resource
2024-01-21 11:49:04,144 [Worker-9] INFO  o.e.m.c.i.embedder.EclipseLogger - Using 'UTF-8' encoding to copy filtered resources.
2024-01-21 11:49:04,144 [Worker-9] INFO  o.e.m.c.i.embedder.EclipseLogger - Using 'UTF-8' encoding to copy filtered properties files.
2024-01-21 11:49:04,145 [Worker-9] INFO  o.e.m.c.i.embedder.EclipseLogger - skip non existing resourceDirectory C:\fsd57_module3\SpringBoot\EmpDept\src\test\resources
2024-01-21 11:49:09,296 [Worker-0] INFO  o.e.m.c.i.embedder.EclipseLogger - Using 'UTF-8' encoding to copy filtered resources.
2024-01-21 11:49:09,296 [Worker-0] INFO  o.e.m.c.i.embedder.EclipseLogger - Using 'UTF-8' encoding to copy filtered properties files.
2024-01-21 11:49:09,297 [Worker-0] INFO  o.e.m.c.i.embedder.EclipseLogger - Copying 1 resource
2024-01-21 11:49:09,303 [Worker-0] INFO  o.e.m.c.i.embedder.EclipseLogger - Copying 0 resource
2024-01-21 11:49:09,304 [Worker-0] INFO  o.e.m.c.i.embedder.EclipseLogger - Using 'UTF-8' encoding to copy filtered resources.
2024-01-21 11:49:09,304 [Worker-0] INFO  o.e.m.c.i.embedder.EclipseLogger - Using 'UTF-8' encoding to copy filtered properties files.
2024-01-21 11:49:09,304 [Worker-0] INFO  o.e.m.c.i.embedder.EclipseLogger - skip non existing resourceDirectory C:\fsd57_module3\SpringBoot\EmpDept\src\test\resources
2024-01-21 11:49:39,894 [Worker-2] INFO  o.e.m.c.i.embedder.EclipseLogger - Using 'UTF-8' encoding to copy filtered resources.
2024-01-21 11:49:39,894 [Worker-2] INFO  o.e.m.c.i.embedder.EclipseLogger - Using 'UTF-8' encoding to copy filtered properties files.
2024-01-21 11:49:39,894 [Worker-2] INFO  o.e.m.c.i.embedder.EclipseLogger - Copying 1 resource
2024-01-21 11:49:39,918 [Worker-2] INFO  o.e.m.c.i.embedder.EclipseLogger - Copying 0 resource
2024-01-21 11:49:39,922 [Worker-2] INFO  o.e.m.c.i.embedder.EclipseLogger - Using 'UTF-8' encoding to copy filtered resources.
2024-01-21 11:49:39,922 [Worker-2] INFO  o.e.m.c.i.embedder.EclipseLogger - Using 'UTF-8' encoding to copy filtered properties files.
2024-01-21 11:49:39,923 [Worker-2] INFO  o.e.m.c.i.embedder.EclipseLogger - skip non existing resourceDirectory C:\fsd57_module3\SpringBoot\EmpDept\src\test\resources
2024-01-21 11:50:09,037 [Worker-0] INFO  o.e.m.c.i.embedder.EclipseLogger - Using 'UTF-8' encoding to copy filtered resources.
2024-01-21 11:50:09,037 [Worker-0] INFO  o.e.m.c.i.embedder.EclipseLogger - Using 'UTF-8' encoding to copy filtered properties files.
2024-01-21 11:50:09,038 [Worker-0] INFO  o.e.m.c.i.embedder.EclipseLogger - Copying 1 resource
2024-01-21 11:50:09,043 [Worker-0] INFO  o.e.m.c.i.embedder.EclipseLogger - Copying 0 resource
2024-01-21 11:50:09,044 [Worker-0] INFO  o.e.m.c.i.embedder.EclipseLogger - Using 'UTF-8' encoding to copy filtered resources.
2024-01-21 11:50:09,045 [Worker-0] INFO  o.e.m.c.i.embedder.EclipseLogger - Using 'UTF-8' encoding to copy filtered properties files.
2024-01-21 11:50:09,045 [Worker-0] INFO  o.e.m.c.i.embedder.EclipseLogger - skip non existing resourceDirectory C:\fsd57_module3\SpringBoot\EmpDept\src\test\resources
2024-01-21 11:50:22,059 [Worker-14] INFO  o.e.m.c.i.embedder.EclipseLogger - Using 'UTF-8' encoding to copy filtered resources.
2024-01-21 11:50:22,059 [Worker-14] INFO  o.e.m.c.i.embedder.EclipseLogger - Using 'UTF-8' encoding to copy filtered properties files.
2024-01-21 11:50:22,060 [Worker-14] INFO  o.e.m.c.i.embedder.EclipseLogger - Copying 1 resource
2024-01-21 11:50:22,067 [Worker-14] INFO  o.e.m.c.i.embedder.EclipseLogger - Copying 0 resource
2024-01-21 11:50:22,068 [Worker-14] INFO  o.e.m.c.i.embedder.EclipseLogger - Using 'UTF-8' encoding to copy filtered resources.
2024-01-21 11:50:22,068 [Worker-14] INFO  o.e.m.c.i.embedder.EclipseLogger - Using 'UTF-8' encoding to copy filtered properties files.
2024-01-21 11:50:22,068 [Worker-14] INFO  o.e.m.c.i.embedder.EclipseLogger - skip non existing resourceDirectory C:\fsd57_module3\SpringBoot\EmpDept\src\test\resources
2024-01-21 11:50:46,897 [Worker-8] INFO  o.e.m.c.i.embedder.EclipseLogger - Using 'UTF-8' encoding to copy filtered resources.
2024-01-21 11:50:46,897 [Worker-8] INFO  o.e.m.c.i.embedder.EclipseLogger - Using 'UTF-8' encoding to copy filtered properties files.
2024-01-21 11:50:46,898 [Worker-8] INFO  o.e.m.c.i.embedder.EclipseLogger - Copying 1 resource
2024-01-21 11:50:46,906 [Worker-8] INFO  o.e.m.c.i.embedder.EclipseLogger - Copying 0 resource
2024-01-21 11:50:46,908 [Worker-8] INFO  o.e.m.c.i.embedder.EclipseLogger - Using 'UTF-8' encoding to copy filtered resources.
2024-01-21 11:50:46,908 [Worker-8] INFO  o.e.m.c.i.embedder.EclipseLogger - Using 'UTF-8' encoding to copy filtered properties files.
2024-01-21 11:50:46,908 [Worker-8] INFO  o.e.m.c.i.embedder.EclipseLogger - skip non existing resourceDirectory C:\fsd57_module3\SpringBoot\EmpDept\src\test\resources
2024-01-21 11:51:03,259 [Worker-14] INFO  o.e.m.c.i.embedder.EclipseLogger - Using 'UTF-8' encoding to copy filtered resources.
2024-01-21 11:51:03,259 [Worker-14] INFO  o.e.m.c.i.embedder.EclipseLogger - Using 'UTF-8' encoding to copy filtered properties files.
2024-01-21 11:51:03,260 [Worker-14] INFO  o.e.m.c.i.embedder.EclipseLogger - Copying 1 resource
2024-01-21 11:51:03,265 [Worker-14] INFO  o.e.m.c.i.embedder.EclipseLogger - Copying 0 resource
2024-01-21 11:51:03,266 [Worker-14] INFO  o.e.m.c.i.embedder.EclipseLogger - Using 'UTF-8' encoding to copy filtered resources.
2024-01-21 11:51:03,266 [Worker-14] INFO  o.e.m.c.i.embedder.EclipseLogger - Using 'UTF-8' encoding to copy filtered properties files.
2024-01-21 11:51:03,267 [Worker-14] INFO  o.e.m.c.i.embedder.EclipseLogger - skip non existing resourceDirectory C:\fsd57_module3\SpringBoot\EmpDept\src\test\resources
2024-01-21 11:51:44,647 [Worker-14] INFO  o.e.m.c.i.embedder.EclipseLogger - Using 'UTF-8' encoding to copy filtered resources.
2024-01-21 11:51:44,647 [Worker-14] INFO  o.e.m.c.i.embedder.EclipseLogger - Using 'UTF-8' encoding to copy filtered properties files.
2024-01-21 11:51:44,648 [Worker-14] INFO  o.e.m.c.i.embedder.EclipseLogger - Copying 1 resource
2024-01-21 11:51:44,675 [Worker-14] INFO  o.e.m.c.i.embedder.EclipseLogger - Copying 0 resource
2024-01-21 11:51:44,681 [Worker-14] INFO  o.e.m.c.i.embedder.EclipseLogger - Using 'UTF-8' encoding to copy filtered resources.
2024-01-21 11:51:44,682 [Worker-14] INFO  o.e.m.c.i.embedder.EclipseLogger - Using 'UTF-8' encoding to copy filtered properties files.
2024-01-21 11:51:44,682 [Worker-14] INFO  o.e.m.c.i.embedder.EclipseLogger - skip non existing resourceDirectory C:\fsd57_module3\SpringBoot\EmpDept\src\test\resources
2024-01-21 11:51:56,509 [Worker-12] INFO  o.e.m.c.i.embedder.EclipseLogger - Using 'UTF-8' encoding to copy filtered resources.
2024-01-21 11:51:56,509 [Worker-12] INFO  o.e.m.c.i.embedder.EclipseLogger - Using 'UTF-8' encoding to copy filtered properties files.
2024-01-21 11:51:56,510 [Worker-12] INFO  o.e.m.c.i.embedder.EclipseLogger - Copying 1 resource
2024-01-21 11:51:56,515 [Worker-12] INFO  o.e.m.c.i.embedder.EclipseLogger - Copying 0 resource
2024-01-21 11:51:56,516 [Worker-12] INFO  o.e.m.c.i.embedder.EclipseLogger - Using 'UTF-8' encoding to copy filtered resources.
2024-01-21 11:51:56,516 [Worker-12] INFO  o.e.m.c.i.embedder.EclipseLogger - Using 'UTF-8' encoding to copy filtered properties files.
2024-01-21 11:51:56,517 [Worker-12] INFO  o.e.m.c.i.embedder.EclipseLogger - skip non existing resourceDirectory C:\fsd57_module3\SpringBoot\EmpDept\src\test\resources
2024-01-21 11:52:20,078 [Worker-8] INFO  o.e.m.c.i.embedder.EclipseLogger - Using 'UTF-8' encoding to copy filtered resources.
2024-01-21 11:52:20,078 [Worker-8] INFO  o.e.m.c.i.embedder.EclipseLogger - Using 'UTF-8' encoding to copy filtered properties files.
2024-01-21 11:52:20,078 [Worker-8] INFO  o.e.m.c.i.embedder.EclipseLogger - Copying 1 resource
2024-01-21 11:52:20,085 [Worker-8] INFO  o.e.m.c.i.embedder.EclipseLogger - Copying 0 resource
2024-01-21 11:52:20,087 [Worker-8] INFO  o.e.m.c.i.embedder.EclipseLogger - Using 'UTF-8' encoding to copy filtered resources.
2024-01-21 11:52:20,087 [Worker-8] INFO  o.e.m.c.i.embedder.EclipseLogger - Using 'UTF-8' encoding to copy filtered properties files.
2024-01-21 11:52:20,087 [Worker-8] INFO  o.e.m.c.i.embedder.EclipseLogger - skip non existing resourceDirectory C:\fsd57_module3\SpringBoot\EmpDept\src\test\resources
2024-01-21 11:52:28,415 [Worker-2] INFO  o.e.m.c.i.embedder.EclipseLogger - Using 'UTF-8' encoding to copy filtered resources.
2024-01-21 11:52:28,416 [Worker-2] INFO  o.e.m.c.i.embedder.EclipseLogger - Using 'UTF-8' encoding to copy filtered properties files.
2024-01-21 11:52:28,417 [Worker-2] INFO  o.e.m.c.i.embedder.EclipseLogger - Copying 1 resource
2024-01-21 11:52:28,422 [Worker-2] INFO  o.e.m.c.i.embedder.EclipseLogger - Copying 0 resource
2024-01-21 11:52:28,423 [Worker-2] INFO  o.e.m.c.i.embedder.EclipseLogger - Using 'UTF-8' encoding to copy filtered resources.
2024-01-21 11:52:28,423 [Worker-2] INFO  o.e.m.c.i.embedder.EclipseLogger - Using 'UTF-8' encoding to copy filtered properties files.
2024-01-21 11:52:28,423 [Worker-2] INFO  o.e.m.c.i.embedder.EclipseLogger - skip non existing resourceDirectory C:\fsd57_module3\SpringBoot\EmpDept\src\test\resources
2024-01-21 11:52:49,824 [Worker-8] INFO  o.e.m.c.i.embedder.EclipseLogger - Using 'UTF-8' encoding to copy filtered resources.
2024-01-21 11:52:49,824 [Worker-8] INFO  o.e.m.c.i.embedder.EclipseLogger - Using 'UTF-8' encoding to copy filtered properties files.
2024-01-21 11:52:49,839 [Worker-8] INFO  o.e.m.c.i.embedder.EclipseLogger - Copying 1 resource
2024-01-21 11:52:49,866 [Worker-8] INFO  o.e.m.c.i.embedder.EclipseLogger - Copying 0 resource
2024-01-21 11:52:49,867 [Worker-8] INFO  o.e.m.c.i.embedder.EclipseLogger - Using 'UTF-8' encoding to copy filtered resources.
2024-01-21 11:52:49,868 [Worker-8] INFO  o.e.m.c.i.embedder.EclipseLogger - Using 'UTF-8' encoding to copy filtered properties files.
2024-01-21 11:52:49,868 [Worker-8] INFO  o.e.m.c.i.embedder.EclipseLogger - skip non existing resourceDirectory C:\fsd57_module3\SpringBoot\EmpDept\src\test\resources
2024-01-21 21:48:10,313 [Worker-22] INFO  o.e.m.c.i.embedder.EclipseLogger - Using 'UTF-8' encoding to copy filtered resources.
2024-01-21 21:48:10,317 [Worker-22] INFO  o.e.m.c.i.embedder.EclipseLogger - Using 'UTF-8' encoding to copy filtered properties files.
2024-01-21 21:48:10,320 [Worker-22] INFO  o.e.m.c.i.embedder.EclipseLogger - Copying 1 resource
2024-01-21 21:48:10,345 [Worker-22] INFO  o.e.m.c.i.embedder.EclipseLogger - Copying 0 resource
2024-01-21 21:48:10,348 [Worker-22] INFO  o.e.m.c.i.embedder.EclipseLogger - Using 'UTF-8' encoding to copy filtered resources.
2024-01-21 21:48:10,348 [Worker-22] INFO  o.e.m.c.i.embedder.EclipseLogger - Using 'UTF-8' encoding to copy filtered properties files.
2024-01-21 21:48:10,348 [Worker-22] INFO  o.e.m.c.i.embedder.EclipseLogger - skip non existing resourceDirectory C:\fsd57_module3\SpringBoot\EmpDept\src\test\resources
2024-01-21 21:49:10,239 [Worker-24] INFO  o.e.m.c.i.embedder.EclipseLogger - Using 'UTF-8' encoding to copy filtered resources.
2024-01-21 21:49:10,239 [Worker-24] INFO  o.e.m.c.i.embedder.EclipseLogger - Using 'UTF-8' encoding to copy filtered properties files.
2024-01-21 21:49:10,241 [Worker-24] INFO  o.e.m.c.i.embedder.EclipseLogger - Copying 1 resource
2024-01-21 21:49:10,248 [Worker-24] INFO  o.e.m.c.i.embedder.EclipseLogger - Copying 0 resource
2024-01-21 21:49:10,250 [Worker-24] INFO  o.e.m.c.i.embedder.EclipseLogger - Using 'UTF-8' encoding to copy filtered resources.
2024-01-21 21:49:10,250 [Worker-24] INFO  o.e.m.c.i.embedder.EclipseLogger - Using 'UTF-8' encoding to copy filtered properties files.
2024-01-21 21:49:10,250 [Worker-24] INFO  o.e.m.c.i.embedder.EclipseLogger - skip non existing resourceDirectory C:\fsd57_module3\SpringBoot\EmpDept\src\test\resources
2024-01-22 10:18:07,354 [Worker-30] INFO  o.e.m.c.i.embedder.EclipseLogger - Using 'UTF-8' encoding to copy filtered resources.
2024-01-22 10:18:07,358 [Worker-30] INFO  o.e.m.c.i.embedder.EclipseLogger - Using 'UTF-8' encoding to copy filtered properties files.
2024-01-22 10:18:07,363 [Worker-30] INFO  o.e.m.c.i.embedder.EclipseLogger - Copying 1 resource
2024-01-22 10:18:07,407 [Worker-30] INFO  o.e.m.c.i.embedder.EclipseLogger - Copying 0 resource
2024-01-22 10:18:07,410 [Worker-30] INFO  o.e.m.c.i.embedder.EclipseLogger - Using 'UTF-8' encoding to copy filtered resources.
2024-01-22 10:18:07,410 [Worker-30] INFO  o.e.m.c.i.embedder.EclipseLogger - Using 'UTF-8' encoding to copy filtered properties files.
2024-01-22 10:18:07,411 [Worker-30] INFO  o.e.m.c.i.embedder.EclipseLogger - skip non existing resourceDirectory C:\fsd57_module3\SpringBoot\EmpDept\src\test\resources
2024-01-22 10:18:24,912 [Worker-29] INFO  o.e.m.c.i.embedder.EclipseLogger - Using 'UTF-8' encoding to copy filtered resources.
2024-01-22 10:18:24,912 [Worker-29] INFO  o.e.m.c.i.embedder.EclipseLogger - Using 'UTF-8' encoding to copy filtered properties files.
2024-01-22 10:18:24,915 [Worker-29] INFO  o.e.m.c.i.embedder.EclipseLogger - Copying 1 resource
2024-01-22 10:18:24,922 [Worker-29] INFO  o.e.m.c.i.embedder.EclipseLogger - Copying 0 resource
2024-01-22 10:18:24,923 [Worker-29] INFO  o.e.m.c.i.embedder.EclipseLogger - Using 'UTF-8' encoding to copy filtered resources.
2024-01-22 10:18:24,923 [Worker-29] INFO  o.e.m.c.i.embedder.EclipseLogger - Using 'UTF-8' encoding to copy filtered properties files.
2024-01-22 10:18:24,923 [Worker-29] INFO  o.e.m.c.i.embedder.EclipseLogger - skip non existing resourceDirectory C:\fsd57_module3\SpringBoot\EmpDept\src\test\resources
2024-01-22 10:21:39,562 [Worker-34] INFO  o.e.m.c.i.embedder.EclipseLogger - Using 'UTF-8' encoding to copy filtered resources.
2024-01-22 10:21:39,562 [Worker-34] INFO  o.e.m.c.i.embedder.EclipseLogger - Using 'UTF-8' encoding to copy filtered properties files.
2024-01-22 10:21:39,564 [Worker-34] INFO  o.e.m.c.i.embedder.EclipseLogger - Copying 1 resource
2024-01-22 10:21:39,644 [Worker-34] INFO  o.e.m.c.i.embedder.EclipseLogger - Copying 0 resource
2024-01-22 10:21:39,671 [Worker-34] INFO  o.e.m.c.i.embedder.EclipseLogger - Using 'UTF-8' encoding to copy filtered resources.
2024-01-22 10:21:39,671 [Worker-34] INFO  o.e.m.c.i.embedder.EclipseLogger - Using 'UTF-8' encoding to copy filtered properties files.
2024-01-22 10:21:39,671 [Worker-34] INFO  o.e.m.c.i.embedder.EclipseLogger - skip non existing resourceDirectory C:\fsd57_module3\SpringBoot\EmpDept\src\test\resources
2024-01-22 10:26:06,043 [Worker-33] INFO  o.e.m.c.i.embedder.EclipseLogger - Using 'UTF-8' encoding to copy filtered resources.
2024-01-22 10:26:06,044 [Worker-33] INFO  o.e.m.c.i.embedder.EclipseLogger - Using 'UTF-8' encoding to copy filtered properties files.
2024-01-22 10:26:06,044 [Worker-33] INFO  o.e.m.c.i.embedder.EclipseLogger - Copying 1 resource
2024-01-22 10:26:06,060 [Worker-33] INFO  o.e.m.c.i.embedder.EclipseLogger - Copying 0 resource
2024-01-22 10:26:06,061 [Worker-33] INFO  o.e.m.c.i.embedder.EclipseLogger - Using 'UTF-8' encoding to copy filtered resources.
2024-01-22 10:26:06,063 [Worker-33] INFO  o.e.m.c.i.embedder.EclipseLogger - Using 'UTF-8' encoding to copy filtered properties files.
2024-01-22 10:26:06,063 [Worker-33] INFO  o.e.m.c.i.embedder.EclipseLogger - skip non existing resourceDirectory C:\fsd57_module3\SpringBoot\EmpDept\src\test\resources
2024-01-22 10:26:21,083 [Worker-41] INFO  o.e.m.c.i.embedder.EclipseLogger - Using 'UTF-8' encoding to copy filtered resources.
2024-01-22 10:26:21,083 [Worker-41] INFO  o.e.m.c.i.embedder.EclipseLogger - Using 'UTF-8' encoding to copy filtered properties files.
2024-01-22 10:26:21,083 [Worker-41] INFO  o.e.m.c.i.embedder.EclipseLogger - Copying 1 resource
2024-01-22 10:26:21,090 [Worker-41] INFO  o.e.m.c.i.embedder.EclipseLogger - Copying 0 resource
2024-01-22 10:26:21,092 [Worker-41] INFO  o.e.m.c.i.embedder.EclipseLogger - Using 'UTF-8' encoding to copy filtered resources.
2024-01-22 10:26:21,092 [Worker-41] INFO  o.e.m.c.i.embedder.EclipseLogger - Using 'UTF-8' encoding to copy filtered properties files.
2024-01-22 10:26:21,093 [Worker-41] INFO  o.e.m.c.i.embedder.EclipseLogger - skip non existing resourceDirectory C:\fsd57_module3\SpringBoot\EmpDept\src\test\resources
2024-01-22 10:26:59,170 [Worker-33] INFO  o.e.m.c.i.embedder.EclipseLogger - Using 'UTF-8' encoding to copy filtered resources.
2024-01-22 10:26:59,170 [Worker-33] INFO  o.e.m.c.i.embedder.EclipseLogger - Using 'UTF-8' encoding to copy filtered properties files.
2024-01-22 10:26:59,171 [Worker-33] INFO  o.e.m.c.i.embedder.EclipseLogger - Copying 1 resource
2024-01-22 10:26:59,181 [Worker-33] INFO  o.e.m.c.i.embedder.EclipseLogger - Copying 0 resource
2024-01-22 10:26:59,183 [Worker-33] INFO  o.e.m.c.i.embedder.EclipseLogger - Using 'UTF-8' encoding to copy filtered resources.
2024-01-22 10:26:59,183 [Worker-33] INFO  o.e.m.c.i.embedder.EclipseLogger - Using 'UTF-8' encoding to copy filtered properties files.
2024-01-22 10:26:59,183 [Worker-33] INFO  o.e.m.c.i.embedder.EclipseLogger - skip non existing resourceDirectory C:\fsd57_module3\SpringBoot\EmpDept\src\test\resources
2024-01-22 10:45:23,649 [Worker-44] INFO  o.e.m.c.i.embedder.EclipseLogger - Using 'UTF-8' encoding to copy filtered resources.
2024-01-22 10:45:23,650 [Worker-44] INFO  o.e.m.c.i.embedder.EclipseLogger - Using 'UTF-8' encoding to copy filtered properties files.
2024-01-22 10:45:23,650 [Worker-44] INFO  o.e.m.c.i.embedder.EclipseLogger - Copying 1 resource
2024-01-22 10:45:23,762 [Worker-44] INFO  o.e.m.c.i.embedder.EclipseLogger - Copying 0 resource
2024-01-22 10:45:23,766 [Worker-44] INFO  o.e.m.c.i.embedder.EclipseLogger - Using 'UTF-8' encoding to copy filtered resources.
2024-01-22 10:45:23,766 [Worker-44] INFO  o.e.m.c.i.embedder.EclipseLogger - Using 'UTF-8' encoding to copy filtered properties files.
2024-01-22 10:45:23,766 [Worker-44] INFO  o.e.m.c.i.embedder.EclipseLogger - skip non existing resourceDirectory C:\fsd57_module3\SpringBoot\EmpDept\src\test\resources
2024-01-22 11:06:46,060 [Worker-47] INFO  o.e.m.c.i.embedder.EclipseLogger - Using 'UTF-8' encoding to copy filtered resources.
2024-01-22 11:06:46,060 [Worker-47] INFO  o.e.m.c.i.embedder.EclipseLogger - Using 'UTF-8' encoding to copy filtered properties files.
2024-01-22 11:06:46,061 [Worker-47] INFO  o.e.m.c.i.embedder.EclipseLogger - Copying 1 resource
2024-01-22 11:06:46,085 [Worker-47] INFO  o.e.m.c.i.embedder.EclipseLogger - Copying 0 resource
2024-01-22 11:06:46,087 [Worker-47] INFO  o.e.m.c.i.embedder.EclipseLogger - Using 'UTF-8' encoding to copy filtered resources.
2024-01-22 11:06:46,087 [Worker-47] INFO  o.e.m.c.i.embedder.EclipseLogger - Using 'UTF-8' encoding to copy filtered properties files.
2024-01-22 11:06:46,087 [Worker-47] INFO  o.e.m.c.i.embedder.EclipseLogger - skip non existing resourceDirectory C:\fsd57_module3\SpringBoot\EmpDept\src\test\resources
2024-01-22 11:08:30,260 [Worker-48] INFO  o.e.m.c.i.embedder.EclipseLogger - Using 'UTF-8' encoding to copy filtered resources.
2024-01-22 11:08:30,260 [Worker-48] INFO  o.e.m.c.i.embedder.EclipseLogger - Using 'UTF-8' encoding to copy filtered properties files.
2024-01-22 11:08:30,261 [Worker-48] INFO  o.e.m.c.i.embedder.EclipseLogger - Copying 1 resource
2024-01-22 11:08:30,280 [Worker-48] INFO  o.e.m.c.i.embedder.EclipseLogger - Copying 0 resource
2024-01-22 11:08:30,282 [Worker-48] INFO  o.e.m.c.i.embedder.EclipseLogger - Using 'UTF-8' encoding to copy filtered resources.
2024-01-22 11:08:30,282 [Worker-48] INFO  o.e.m.c.i.embedder.EclipseLogger - Using 'UTF-8' encoding to copy filtered properties files.
2024-01-22 11:08:30,282 [Worker-48] INFO  o.e.m.c.i.embedder.EclipseLogger - skip non existing resourceDirectory C:\fsd57_module3\SpringBoot\EmpDept\src\test\resources
2024-01-22 11:11:57,948 [Worker-50] INFO  o.e.m.c.i.embedder.EclipseLogger - Using 'UTF-8' encoding to copy filtered resources.
2024-01-22 11:11:57,948 [Worker-50] INFO  o.e.m.c.i.embedder.EclipseLogger - Using 'UTF-8' encoding to copy filtered properties files.
2024-01-22 11:11:57,949 [Worker-50] INFO  o.e.m.c.i.embedder.EclipseLogger - Copying 1 resource
2024-01-22 11:11:57,957 [Worker-50] INFO  o.e.m.c.i.embedder.EclipseLogger - Copying 0 resource
2024-01-22 11:11:57,960 [Worker-50] INFO  o.e.m.c.i.embedder.EclipseLogger - Using 'UTF-8' encoding to copy filtered resources.
2024-01-22 11:11:57,960 [Worker-50] INFO  o.e.m.c.i.embedder.EclipseLogger - Using 'UTF-8' encoding to copy filtered properties files.
2024-01-22 11:11:57,960 [Worker-50] INFO  o.e.m.c.i.embedder.EclipseLogger - skip non existing resourceDirectory C:\fsd57_module3\SpringBoot\EmpDept\src\test\resources
2024-01-22 11:19:06,136 [Worker-54] INFO  o.e.m.c.i.embedder.EclipseLogger - Using 'UTF-8' encoding to copy filtered resources.
2024-01-22 11:19:06,136 [Worker-54] INFO  o.e.m.c.i.embedder.EclipseLogger - Using 'UTF-8' encoding to copy filtered properties files.
2024-01-22 11:19:06,136 [Worker-54] INFO  o.e.m.c.i.embedder.EclipseLogger - Copying 1 resource
2024-01-22 11:19:06,146 [Worker-54] INFO  o.e.m.c.i.embedder.EclipseLogger - Copying 0 resource
2024-01-22 11:19:06,149 [Worker-54] INFO  o.e.m.c.i.embedder.EclipseLogger - Using 'UTF-8' encoding to copy filtered resources.
2024-01-22 11:19:06,149 [Worker-54] INFO  o.e.m.c.i.embedder.EclipseLogger - Using 'UTF-8' encoding to copy filtered properties files.
2024-01-22 11:19:06,149 [Worker-54] INFO  o.e.m.c.i.embedder.EclipseLogger - skip non existing resourceDirectory C:\fsd57_module3\SpringBoot\EmpDept\src\test\resources
2024-01-22 11:19:27,112 [Worker-56] INFO  o.e.m.c.i.embedder.EclipseLogger - Using 'UTF-8' encoding to copy filtered resources.
2024-01-22 11:19:27,112 [Worker-56] INFO  o.e.m.c.i.embedder.EclipseLogger - Using 'UTF-8' encoding to copy filtered properties files.
2024-01-22 11:19:27,113 [Worker-56] INFO  o.e.m.c.i.embedder.EclipseLogger - Copying 1 resource
2024-01-22 11:19:27,167 [Worker-56] INFO  o.e.m.c.i.embedder.EclipseLogger - Copying 0 resource
2024-01-22 11:19:27,175 [Worker-56] INFO  o.e.m.c.i.embedder.EclipseLogger - Using 'UTF-8' encoding to copy filtered resources.
2024-01-22 11:19:27,176 [Worker-56] INFO  o.e.m.c.i.embedder.EclipseLogger - Using 'UTF-8' encoding to copy filtered properties files.
2024-01-22 11:19:27,176 [Worker-56] INFO  o.e.m.c.i.embedder.EclipseLogger - skip non existing resourceDirectory C:\fsd57_module3\SpringBoot\EmpDept\src\test\resources
2024-01-22 11:20:23,839 [Worker-55] INFO  o.e.m.c.i.embedder.EclipseLogger - Using 'UTF-8' encoding to copy filtered resources.
2024-01-22 11:20:23,839 [Worker-55] INFO  o.e.m.c.i.embedder.EclipseLogger - Using 'UTF-8' encoding to copy filtered properties files.
2024-01-22 11:20:23,840 [Worker-55] INFO  o.e.m.c.i.embedder.EclipseLogger - Copying 1 resource
2024-01-22 11:20:23,878 [Worker-55] INFO  o.e.m.c.i.embedder.EclipseLogger - Copying 0 resource
2024-01-22 11:20:23,880 [Worker-55] INFO  o.e.m.c.i.embedder.EclipseLogger - Using 'UTF-8' encoding to copy filtered resources.
2024-01-22 11:20:23,880 [Worker-55] INFO  o.e.m.c.i.embedder.EclipseLogger - Using 'UTF-8' encoding to copy filtered properties files.
2024-01-22 11:20:23,880 [Worker-55] INFO  o.e.m.c.i.embedder.EclipseLogger - skip non existing resourceDirectory C:\fsd57_module3\SpringBoot\EmpDept\src\test\resources
2024-01-22 11:20:39,813 [Worker-55] INFO  o.e.m.c.i.embedder.EclipseLogger - Using 'UTF-8' encoding to copy filtered resources.
2024-01-22 11:20:39,813 [Worker-55] INFO  o.e.m.c.i.embedder.EclipseLogger - Using 'UTF-8' encoding to copy filtered properties files.
2024-01-22 11:20:39,814 [Worker-55] INFO  o.e.m.c.i.embedder.EclipseLogger - Copying 1 resource
2024-01-22 11:20:39,820 [Worker-55] INFO  o.e.m.c.i.embedder.EclipseLogger - Copying 0 resource
2024-01-22 11:20:39,821 [Worker-55] INFO  o.e.m.c.i.embedder.EclipseLogger - Using 'UTF-8' encoding to copy filtered resources.
2024-01-22 11:20:39,821 [Worker-55] INFO  o.e.m.c.i.embedder.EclipseLogger - Using 'UTF-8' encoding to copy filtered properties files.
2024-01-22 11:20:39,821 [Worker-55] INFO  o.e.m.c.i.embedder.EclipseLogger - skip non existing resourceDirectory C:\fsd57_module3\SpringBoot\EmpDept\src\test\resources
2024-01-22 11:21:06,854 [Worker-55] INFO  o.e.m.c.i.embedder.EclipseLogger - Using 'UTF-8' encoding to copy filtered resources.
2024-01-22 11:21:06,854 [Worker-55] INFO  o.e.m.c.i.embedder.EclipseLogger - Using 'UTF-8' encoding to copy filtered properties files.
2024-01-22 11:21:06,855 [Worker-55] INFO  o.e.m.c.i.embedder.EclipseLogger - Copying 1 resource
2024-01-22 11:21:06,861 [Worker-55] INFO  o.e.m.c.i.embedder.EclipseLogger - Copying 0 resource
2024-01-22 11:21:06,863 [Worker-55] INFO  o.e.m.c.i.embedder.EclipseLogger - Using 'UTF-8' encoding to copy filtered resources.
2024-01-22 11:21:06,863 [Worker-55] INFO  o.e.m.c.i.embedder.EclipseLogger - Using 'UTF-8' encoding to copy filtered properties files.
2024-01-22 11:21:06,863 [Worker-55] INFO  o.e.m.c.i.embedder.EclipseLogger - skip non existing resourceDirectory C:\fsd57_module3\SpringBoot\EmpDept\src\test\resources
2024-01-22 11:21:32,009 [Worker-58] INFO  o.e.m.c.i.embedder.EclipseLogger - Using 'UTF-8' encoding to copy filtered resources.
2024-01-22 11:21:32,010 [Worker-58] INFO  o.e.m.c.i.embedder.EclipseLogger - Using 'UTF-8' encoding to copy filtered properties files.
2024-01-22 11:21:32,011 [Worker-58] INFO  o.e.m.c.i.embedder.EclipseLogger - Copying 1 resource
2024-01-22 11:21:32,026 [Worker-58] INFO  o.e.m.c.i.embedder.EclipseLogger - Copying 0 resource
2024-01-22 11:21:32,028 [Worker-58] INFO  o.e.m.c.i.embedder.EclipseLogger - Using 'UTF-8' encoding to copy filtered resources.
2024-01-22 11:21:32,028 [Worker-58] INFO  o.e.m.c.i.embedder.EclipseLogger - Using 'UTF-8' encoding to copy filtered properties files.
