2024-01-12 14:42:41,839 [Worker-9] INFO  o.e.m.c.i.p.ProjectConfigurationManager - Update started
2024-01-12 14:42:45,105 [Worker-9] INFO  o.e.m.c.i.l.LifecycleMappingFactory - Using org.eclipse.m2e.jdt.JarLifecycleMapping lifecycle mapping for MavenProject: com.ts:Product:0.0.1-SNAPSHOT @ C:\fsd57_module3\SpringBoot\Product\pom.xml.
2024-01-12 14:42:48,192 [Worker-9] INFO  o.e.m.j.i.AbstractJavaProjectConfigurator - Adding source folder /Product/src/main/java
2024-01-12 14:42:48,192 [Worker-9] INFO  o.e.m.j.i.AbstractJavaProjectConfigurator - Adding resource folder /Product/src/main/resources
2024-01-12 14:42:48,200 [Worker-9] INFO  o.e.m.j.i.AbstractJavaProjectConfigurator - Adding resource folder /Product/src/main/resources
2024-01-12 14:42:48,222 [Worker-9] INFO  o.e.m.j.i.AbstractJavaProjectConfigurator - Adding source folder /Product/src/test/java
2024-01-12 14:42:49,958 [Worker-9] INFO  o.e.m.c.i.p.ProjectConfigurationManager - Update completed: 8 sec
2024-01-12 14:42:50,877 [Worker-8] INFO  o.a.m.s.f.DefaultMavenResourcesFiltering - Copying 1 resource from src\main\resources to target\classes
2024-01-12 14:42:50,903 [Worker-8] INFO  o.a.m.s.f.DefaultMavenResourcesFiltering - Copying 0 resource from src\main\resources to target\classes
2024-01-12 14:42:50,907 [Worker-8] INFO  o.a.m.s.f.DefaultMavenResourcesFiltering - skip non existing resourceDirectory C:\fsd57_module3\SpringBoot\Product\src\test\resources
2024-01-12 14:43:14,718 [Worker-17] INFO  o.e.m.c.i.p.ProjectConfigurationManager - Update started
2024-01-12 14:43:15,259 [Worker-17] INFO  o.e.m.c.i.l.LifecycleMappingFactory - Using org.eclipse.m2e.jdt.JarLifecycleMapping lifecycle mapping for MavenProject: com.ts:Product:0.0.1-SNAPSHOT @ C:\fsd57_module3\SpringBoot\Product\pom.xml.
2024-01-12 14:43:15,818 [Worker-17] INFO  o.e.m.j.i.AbstractJavaProjectConfigurator - Adding source folder /Product/src/main/java
2024-01-12 14:43:15,818 [Worker-17] INFO  o.e.m.j.i.AbstractJavaProjectConfigurator - Adding resource folder /Product/src/main/resources
2024-01-12 14:43:15,818 [Worker-17] INFO  o.e.m.j.i.AbstractJavaProjectConfigurator - Adding resource folder /Product/src/main/resources
2024-01-12 14:43:15,818 [Worker-17] INFO  o.e.m.j.i.AbstractJavaProjectConfigurator - Adding source folder /Product/src/test/java
2024-01-12 14:43:15,969 [Worker-17] INFO  o.e.m.c.i.p.ProjectConfigurationManager - Update completed: 1 sec
2024-01-12 14:43:16,452 [Worker-12] INFO  o.a.m.s.f.DefaultMavenResourcesFiltering - Copying 1 resource from src\main\resources to target\classes
2024-01-12 14:43:16,462 [Worker-12] INFO  o.a.m.s.f.DefaultMavenResourcesFiltering - Copying 0 resource from src\main\resources to target\classes
2024-01-12 14:43:16,465 [Worker-12] INFO  o.a.m.s.f.DefaultMavenResourcesFiltering - skip non existing resourceDirectory C:\fsd57_module3\SpringBoot\Product\src\test\resources
2024-01-12 14:46:08,836 [Worker-7] INFO  o.e.m.c.i.l.LifecycleMappingFactory - Using org.eclipse.m2e.jdt.JarLifecycleMapping lifecycle mapping for MavenProject: com.ts:Product:0.0.1-SNAPSHOT @ C:\fsd57_module3\SpringBoot\Product\pom.xml.
2024-01-12 14:46:12,815 [Worker-7] INFO  o.e.m.c.i.embedder.EclipseLogger - Using 'UTF-8' encoding to copy filtered resources.
2024-01-12 14:46:12,815 [Worker-7] INFO  o.e.m.c.i.embedder.EclipseLogger - Using 'UTF-8' encoding to copy filtered properties files.
2024-01-12 14:46:12,817 [Worker-7] INFO  o.e.m.c.i.embedder.EclipseLogger - Copying 0 resource
2024-01-12 14:46:12,817 [Worker-7] INFO  o.e.m.c.i.embedder.EclipseLogger - Copying 0 resource
2024-01-12 14:46:12,820 [Worker-7] INFO  o.e.m.c.i.embedder.EclipseLogger - Using 'UTF-8' encoding to copy filtered resources.
2024-01-12 14:46:12,820 [Worker-7] INFO  o.e.m.c.i.embedder.EclipseLogger - Using 'UTF-8' encoding to copy filtered properties files.
2024-01-12 14:46:12,820 [Worker-7] INFO  o.e.m.c.i.embedder.EclipseLogger - skip non existing resourceDirectory C:\fsd57_module3\SpringBoot\Product\src\test\resources
2024-01-12 14:46:14,951 [Worker-21] INFO  o.e.m.c.i.embedder.EclipseLogger - Using 'UTF-8' encoding to copy filtered resources.
2024-01-12 14:46:14,951 [Worker-21] INFO  o.e.m.c.i.embedder.EclipseLogger - Using 'UTF-8' encoding to copy filtered properties files.
2024-01-12 14:46:14,952 [Worker-21] INFO  o.e.m.c.i.embedder.EclipseLogger - Copying 1 resource
2024-01-12 14:46:14,964 [Worker-21] INFO  o.e.m.c.i.embedder.EclipseLogger - Copying 0 resource
2024-01-12 14:46:14,965 [Worker-21] INFO  o.e.m.c.i.embedder.EclipseLogger - Using 'UTF-8' encoding to copy filtered resources.
2024-01-12 14:46:14,965 [Worker-21] INFO  o.e.m.c.i.embedder.EclipseLogger - Using 'UTF-8' encoding to copy filtered properties files.
2024-01-12 14:46:14,967 [Worker-21] INFO  o.e.m.c.i.embedder.EclipseLogger - skip non existing resourceDirectory C:\fsd57_module3\SpringBoot\Product\src\test\resources
